#
# A fatal error has been detected by the Java Runtime Environment:
#
#  Internal Error (javaClasses.cpp:136), pid=1036, tid=2556
#  fatal error: Invalid layout of preloaded class
#
# JRE version:  (7.0_67-b01) (build )
# Java VM: Java HotSpot(TM) Client VM (24.65-b04 mixed mode windows-x86 )
# Failed to write core dump. Minidumps are not enabled by default on client versions of Windows
#
# If you would like to submit a bug report, please visit:
#   http://bugreport.sun.com/bugreport/crash.jsp
#

---------------  T H R E A D  ---------------

Current thread (0x01c2c800):  JavaThread "Unknown thread" [_thread_in_vm, id=2556, stack(0x01250000,0x012a0000)]

Stack: [0x01250000,0x012a0000],  sp=0x0129f5f0,  free space=317k
Native frames: (J=compiled Java code, j=interpreted, Vv=VM code, C=native code)
V  [jvm.dll+0x190494]
V  [jvm.dll+0x18a116]
V  [jvm.dll+0x35d7a]
V  [jvm.dll+0x35e06]
V  [jvm.dll+0x4465d]
V  [jvm.dll+0x4490e]
V  [jvm.dll+0x92f8a]
V  [jvm.dll+0x9333b]
V  [jvm.dll+0x13fa31]
V  [jvm.dll+0x1626fc]
V  [jvm.dll+0xc9d6f]
C  [javaw.exe+0x13ce]
C  [javaw.exe+0x1e40]
C  [javaw.exe+0xa601]
C  [javaw.exe+0xa68b]
C  [kernel32.dll+0x4ee1c]
C  [ntdll.dll+0x637eb]
C  [ntdll.dll+0x637be]


---------------  P R O C E S S  ---------------

Java Threads: ( => current thread )

Other Threads:

=>0x01c2c800 (exited) JavaThread "Unknown thread" [_thread_in_vm, id=2556, stack(0x01250000,0x012a0000)]

VM state:not at safepoint (not fully initialized)

VM Mutex/Monitor currently owned by a thread: None

GC Heap History (0 events):
No events

Deoptimization events (0 events):
No events

Internal exceptions (0 events):
No events

Events (10 events):
Event: 0.320 loading class 0x0111c1b0 done
Event: 0.327 loading class 0x0111bc40 done
Event: 0.327 loading class 0x0111bc20
Event: 0.327 loading class 0x01122f90
Event: 0.327 loading class 0x01122f90 done
Event: 0.327 loading class 0x01122fc0
Event: 0.327 loading class 0x01122fc0 done
Event: 0.327 loading class 0x01122ff0
Event: 0.327 loading class 0x01122ff0 done
Event: 0.327 loading class 0x0111bc20 done


Dynamic libraries:
0x01390000 - 0x013bf000 	C:\Program Files\Java\jre7\bin\javaw.exe
0x777f0000 - 0x7792c000 	C:\Windows\SYSTEM32\ntdll.dll
0x76890000 - 0x76964000 	C:\Windows\system32\kernel32.dll
0x75ac0000 - 0x75b0b000 	C:\Windows\system32\KERNELBASE.dll
0x77930000 - 0x779d0000 	C:\Windows\system32\ADVAPI32.dll
0x75f40000 - 0x75fec000 	C:\Windows\system32\msvcrt.dll
0x761c0000 - 0x761d9000 	C:\Windows\SYSTEM32\sechost.dll
0x75dc0000 - 0x75e62000 	C:\Windows\system32\RPCRT4.dll
0x75b70000 - 0x75c39000 	C:\Windows\system32\USER32.dll
0x75c40000 - 0x75c8e000 	C:\Windows\system32\GDI32.dll
0x760c0000 - 0x760ca000 	C:\Windows\system32\LPK.dll
0x760d0000 - 0x7616d000 	C:\Windows\system32\USP10.dll
0x743e0000 - 0x7457e000 	C:\Windows\WinSxS\x86_microsoft.windows.common-controls_6595b64144ccf1df_6.0.7601.17514_none_41e6975e2bd6f2b2\COMCTL32.dll
0x75e70000 - 0x75ec7000 	C:\Windows\system32\SHLWAPI.dll
0x76620000 - 0x7663f000 	C:\Windows\system32\IMM32.DLL
0x75ff0000 - 0x760bc000 	C:\Windows\system32\MSCTF.dll
0x5fd70000 - 0x5fe2f000 	C:\Program Files\Java\jre7\bin\msvcr100.dll
0x5bac0000 - 0x5be48000 	C:\Program Files\Java\jre7\bin\client\jvm.dll
0x71c40000 - 0x71c47000 	C:\Windows\system32\WSOCK32.dll
0x779d0000 - 0x77a05000 	C:\Windows\system32\WS2_32.dll
0x76800000 - 0x76806000 	C:\Windows\system32\NSI.dll
0x74590000 - 0x745c2000 	C:\Windows\system32\WINMM.dll
0x75ed0000 - 0x75ed5000 	C:\Windows\system32\PSAPI.DLL
0x73b40000 - 0x73b4c000 	C:\Program Files\Java\jre7\bin\verify.dll
0x6c200000 - 0x6c220000 	C:\Program Files\Java\jre7\bin\java.dll
0x6c1e0000 - 0x6c1f3000 	C:\Program Files\Java\jre7\bin\zip.dll
0x71240000 - 0x7132b000 	C:\Windows\system32\dbghelp.dll

VM Arguments:
jvm_args: -Dfile.encoding=UTF-8 -Xbootclasspath:D:\S3A123\sdk\platforms\android-19\android.jar 
java_command: ncs2014.s06.twitterclient.Getstatus
Launcher Type: SUN_STANDARD

Environment Variables:
PATH=C:/Program Files/Java/jre1.8.0_25/bin/client;C:/Program Files/Java/jre1.8.0_25/bin;C:/Program Files/Java/jre1.8.0_25/lib/i386;C:\ProgramData\Oracle\Java\javapath;C:\Windows\system32;C:\Windows;C:\Windows\System32\Wbem;C:\Windows\System32\WindowsPowerShell\v1.0\;C:\Program Files\Microsoft\Web Platform Installer\;C:\Program Files\Microsoft ASP.NET\ASP.NET Web Pages\v1.0\;C:\Program Files\Windows Kits\8.0\Windows Performance Toolkit\;C:\Program Files\Microsoft SQL Server\110\Tools\Binn\;D:\adt-bundle-windows-x86-20140702\sdk\platform-tools;D:\S3A123\pleiades\eclipse;
USERNAME=1216026
OS=Windows_NT
PROCESSOR_IDENTIFIER=x86 Family 6 Model 15 Stepping 11, GenuineIntel



---------------  S Y S T E M  ---------------

OS: Windows 7 Build 7601 Service Pack 1

CPU:total 2 (2 cores per cpu, 1 threads per core) family 6 model 15 stepping 11, cmov, cx8, fxsr, mmx, sse, sse2, sse3, ssse3, tsc

Memory: 4k page, physical 2052724k(607492k free), swap 4105448k(2077112k free)

vm_info: Java HotSpot(TM) Client VM (24.65-b04) for windows-x86 JRE (1.7.0_67-b01), built on Jul 25 2014 10:20:53 by "java_re" with unknown MS VC++:1600

time: Fri Dec 05 10:39:04 2014
elapsed time: 0 seconds

